Release 14.6 - xst P.68d (lin64)
Copyright (c) 1995-2013 Xilinx, Inc.  All rights reserved.
--> 
Parameter TMPDIR set to xst/projnav.tmp


Total REAL time to Xst completion: 0.00 secs
Total CPU time to Xst completion: 0.04 secs
 
--> 
Parameter xsthdpdir set to xst


Total REAL time to Xst completion: 0.00 secs
Total CPU time to Xst completion: 0.04 secs
 
--> 
Reading design: alu.prj

TABLE OF CONTENTS
  1) Synthesis Options Summary
  2) HDL Compilation
  3) Design Hierarchy Analysis
  4) HDL Analysis
  5) HDL Synthesis
     5.1) HDL Synthesis Report
  6) Advanced HDL Synthesis
     6.1) Advanced HDL Synthesis Report
  7) Low Level Synthesis
  8) Partition Report
  9) Final Report
	9.1) Device utilization summary
	9.2) Partition Resource Summary
	9.3) TIMING REPORT


=========================================================================
*                      Synthesis Options Summary                        *
=========================================================================
---- Source Parameters
Input File Name                    : "alu.prj"
Input Format                       : mixed
Ignore Synthesis Constraint File   : NO

---- Target Parameters
Output File Name                   : "alu"
Output Format                      : NGC
Target Device                      : xc3s100e-5-tq144

---- Source Options
Top Module Name                    : alu
Automatic FSM Extraction           : YES
FSM Encoding Algorithm             : Auto
Safe Implementation                : No
FSM Style                          : LUT
RAM Extraction                     : Yes
RAM Style                          : Auto
ROM Extraction                     : Yes
Mux Style                          : Auto
Decoder Extraction                 : YES
Priority Encoder Extraction        : Yes
Shift Register Extraction          : YES
Logical Shifter Extraction         : YES
XOR Collapsing                     : YES
ROM Style                          : Auto
Mux Extraction                     : Yes
Resource Sharing                   : YES
Asynchronous To Synchronous        : NO
Multiplier Style                   : Auto
Automatic Register Balancing       : No

---- Target Options
Add IO Buffers                     : YES
Global Maximum Fanout              : 100000
Add Generic Clock Buffer(BUFG)     : 24
Register Duplication               : YES
Slice Packing                      : YES
Optimize Instantiated Primitives   : NO
Use Clock Enable                   : Yes
Use Synchronous Set                : Yes
Use Synchronous Reset              : Yes
Pack IO Registers into IOBs        : Auto
Equivalent register Removal        : YES

---- General Options
Optimization Goal                  : Speed
Optimization Effort                : 1
Keep Hierarchy                     : No
Netlist Hierarchy                  : As_Optimized
RTL Output                         : Yes
Global Optimization                : AllClockNets
Read Cores                         : YES
Write Timing Constraints           : NO
Cross Clock Analysis               : NO
Hierarchy Separator                : /
Bus Delimiter                      : <>
Case Specifier                     : Maintain
Slice Utilization Ratio            : 100
BRAM Utilization Ratio             : 100
Verilog 2001                       : YES
Auto BRAM Packing                  : NO
Slice Utilization Ratio Delta      : 5

=========================================================================


=========================================================================
*                          HDL Compilation                              *
=========================================================================
Compiling verilog file "alu.v" in library work
Module <alu> compiled
No errors in compilation
Analysis of file <"alu.prj"> succeeded.
 

=========================================================================
*                     Design Hierarchy Analysis                         *
=========================================================================
Analyzing hierarchy for module <alu> in library <work> with parameters.
	NUMBITS = "00000000000000000000000000001000"


=========================================================================
*                            HDL Analysis                               *
=========================================================================
Analyzing top module <alu>.
	NUMBITS = 32'sb00000000000000000000000000001000
"alu.v" line 118: $display : Opcode Error
Module <alu> is correct for synthesis.
 

=========================================================================
*                           HDL Synthesis                               *
=========================================================================

Performing bidirectional port resolution...

Synthesizing Unit <alu>.
    Related source file is "alu.v".
    Found 1-bit register for signal <carryout>.
    Found 9-bit register for signal <carryout_detection>.
    Found 8-bit register for signal <neg_B>.
    Found 1-bit register for signal <overflow>.
    Found 8-bit register for signal <result>.
    Found 1-bit register for signal <zero>.
    Found 8-bit adder carry out for signal <old_carryout_detection_1$addsub0000>.
    Found 1-bit xor2 for signal <overflow$xor0000> created at line 61.
    Found 1-bit xor2 for signal <overflow$xor0001> created at line 89.
    Summary:
	inferred  28 D-type flip-flop(s).
	inferred   5 Adder/Subtractor(s).
Unit <alu> synthesized.


=========================================================================
HDL Synthesis Report

Macro Statistics
# Adders/Subtractors                                   : 5
 8-bit adder                                           : 3
 8-bit adder carry out                                 : 1
 8-bit subtractor                                      : 1
# Registers                                            : 6
 1-bit register                                        : 3
 8-bit register                                        : 2
 9-bit register                                        : 1
# Xors                                                 : 2
 1-bit xor2                                            : 2

=========================================================================

=========================================================================
*                       Advanced HDL Synthesis                          *
=========================================================================


=========================================================================
Advanced HDL Synthesis Report

Macro Statistics
# Adders/Subtractors                                   : 5
 8-bit adder                                           : 3
 8-bit adder carry out                                 : 1
 8-bit subtractor                                      : 1
# Registers                                            : 28
 Flip-Flops                                            : 28
# Xors                                                 : 2
 1-bit xor2                                            : 2

=========================================================================

=========================================================================
*                         Low Level Synthesis                           *
=========================================================================
WARNING:Xst:1710 - FF/Latch <neg_B_2> (without init value) has a constant value of 0 in block <alu>. This FF/Latch will be trimmed during the optimization process.
WARNING:Xst:1895 - Due to other FF/Latch trimming, FF/Latch <neg_B_3> (without init value) has a constant value of 0 in block <alu>. This FF/Latch will be trimmed during the optimization process.
WARNING:Xst:1895 - Due to other FF/Latch trimming, FF/Latch <neg_B_4> (without init value) has a constant value of 0 in block <alu>. This FF/Latch will be trimmed during the optimization process.
WARNING:Xst:1895 - Due to other FF/Latch trimming, FF/Latch <neg_B_5> (without init value) has a constant value of 0 in block <alu>. This FF/Latch will be trimmed during the optimization process.
WARNING:Xst:1895 - Due to other FF/Latch trimming, FF/Latch <neg_B_6> (without init value) has a constant value of 0 in block <alu>. This FF/Latch will be trimmed during the optimization process.
WARNING:Xst:1895 - Due to other FF/Latch trimming, FF/Latch <neg_B_7> (without init value) has a constant value of 0 in block <alu>. This FF/Latch will be trimmed during the optimization process.

Optimizing unit <alu> ...

Mapping all equations...
Building and optimizing final netlist ...
Found area constraint ratio of 100 (+ 5) on block alu, actual ratio is 6.

Final Macro Processing ...

=========================================================================
Final Register Report

Macro Statistics
# Registers                                            : 22
 Flip-Flops                                            : 22

=========================================================================

=========================================================================
*                           Partition Report                            *
=========================================================================

Partition Implementation Status
-------------------------------

  No Partitions were found in this design.

-------------------------------

=========================================================================
*                            Final Report                               *
=========================================================================
Final Results
RTL Top Level Output File Name     : alu.ngr
Top Level Output File Name         : alu
Output Format                      : NGC
Optimization Goal                  : Speed
Keep Hierarchy                     : No

Design Statistics
# IOs                              : 49

Cell Usage :
# BELS                             : 176
#      GND                         : 1
#      INV                         : 1
#      LUT1                        : 6
#      LUT2                        : 38
#      LUT3                        : 5
#      LUT4                        : 55
#      MUXCY                       : 29
#      MUXF5                       : 8
#      VCC                         : 1
#      XORCY                       : 32
# FlipFlops/Latches                : 22
#      FDE                         : 11
#      FDR                         : 1
#      FDRS                        : 10
# Clock Buffers                    : 1
#      BUFGP                       : 1
# IO Buffers                       : 48
#      IBUF                        : 20
#      OBUF                        : 28
=========================================================================

Device utilization summary:
---------------------------

Selected Device : 3s100etq144-5 

 Number of Slices:                       56  out of    960     5%  
 Number of Slice Flip Flops:             20  out of   1920     1%  
 Number of 4 input LUTs:                105  out of   1920     5%  
 Number of IOs:                          49
 Number of bonded IOBs:                  49  out of    108    45%  
    IOB Flip Flops:                       2
 Number of GCLKs:                         1  out of     24     4%  

---------------------------
Partition Resource Summary:
---------------------------

  No Partitions were found in this design.

---------------------------


=========================================================================
TIMING REPORT

NOTE: THESE TIMING NUMBERS ARE ONLY A SYNTHESIS ESTIMATE.
      FOR ACCURATE TIMING INFORMATION PLEASE REFER TO THE TRACE REPORT
      GENERATED AFTER PLACE-and-ROUTE.

Clock Information:
------------------
-----------------------------------+------------------------+-------+
Clock Signal                       | Clock buffer(FF name)  | Load  |
-----------------------------------+------------------------+-------+
clk                                | BUFGP                  | 22    |
-----------------------------------+------------------------+-------+

Asynchronous Control Signals Information:
----------------------------------------
No asynchronous control signals found in this design

Timing Summary:
---------------
Speed Grade: -5

   Minimum period: 2.661ns (Maximum Frequency: 375.806MHz)
   Minimum input arrival time before clock: 8.659ns
   Maximum output required time after clock: 4.063ns
   Maximum combinational path delay: No path found

Timing Detail:
--------------
All values displayed in nanoseconds (ns)

=========================================================================
Timing constraint: Default period analysis for Clock 'clk'
  Clock period: 2.661ns (frequency: 375.806MHz)
  Total number of paths / destination ports: 20 / 20
-------------------------------------------------------------------------
Delay:               2.661ns (Levels of Logic = 1)
  Source:            zero (FF)
  Destination:       zero (FF)
  Source Clock:      clk rising
  Destination Clock: clk rising

  Data Path: zero to zero
                                Gate     Net
    Cell:in->out      fanout   Delay   Delay  Logical Name (Net Name)
    ----------------------------------------  ------------
     FDRS:C->Q             2   0.514   0.383  zero (zero_OBUF)
     LUT4:I3->O            1   0.612   0.357  zero_mux0000254 (zero_mux0000254)
     FDRS:S                    0.795          zero
    ----------------------------------------
    Total                      2.661ns (1.921ns logic, 0.740ns route)
                                       (72.2% logic, 27.8% route)

=========================================================================
Timing constraint: Default OFFSET IN BEFORE for Clock 'clk'
  Total number of paths / destination ports: 1113 / 54
-------------------------------------------------------------------------
Offset:              8.659ns (Levels of Logic = 8)
  Source:            A<0> (PAD)
  Destination:       zero (FF)
  Destination Clock: clk rising

  Data Path: A<0> to zero
                                Gate     Net
    Cell:in->out      fanout   Delay   Delay  Logical Name (Net Name)
    ----------------------------------------  ------------
     IBUF:I->O             6   1.106   0.721  A_0_IBUF (A_0_IBUF)
     LUT2:I0->O            1   0.612   0.000  Madd__old_result_2_lut<0> (Madd__old_result_2_lut<0>)
     MUXCY:S->O            1   0.404   0.000  Madd__old_result_2_cy<0> (Madd__old_result_2_cy<0>)
     XORCY:CI->O           2   0.699   0.383  Madd__old_result_2_xor<1> (_old_result_2<1>)
     LUT4:I3->O            1   0.612   0.387  zero_mux0000214 (zero_mux0000214)
     LUT4:I2->O            1   0.612   0.360  zero_mux0000241_SW0 (N30)
     LUT4:I3->O            1   0.612   0.387  zero_mux0000241 (zero_mux0000241)
     LUT4:I2->O            1   0.612   0.357  zero_mux0000254 (zero_mux0000254)
     FDRS:S                    0.795          zero
    ----------------------------------------
    Total                      8.659ns (6.064ns logic, 2.595ns route)
                                       (70.0% logic, 30.0% route)

=========================================================================
Timing constraint: Default OFFSET OUT AFTER for Clock 'clk'
  Total number of paths / destination ports: 22 / 22
-------------------------------------------------------------------------
Offset:              4.063ns (Levels of Logic = 1)
  Source:            carryout (FF)
  Destination:       carryout (PAD)
  Source Clock:      clk rising

  Data Path: carryout to carryout
                                Gate     Net
    Cell:in->out      fanout   Delay   Delay  Logical Name (Net Name)
    ----------------------------------------  ------------
     FDR:C->Q              2   0.514   0.380  carryout (carryout_OBUF)
     OBUF:I->O                 3.169          carryout_OBUF (carryout)
    ----------------------------------------
    Total                      4.063ns (3.683ns logic, 0.380ns route)
                                       (90.6% logic, 9.4% route)

=========================================================================


Total REAL time to Xst completion: 4.00 secs
Total CPU time to Xst completion: 3.48 secs
 
--> 


Total memory usage is 614096 kilobytes

Number of errors   :    0 (   0 filtered)
Number of warnings :    6 (   0 filtered)
Number of infos    :    0 (   0 filtered)

