ISim log file
Running: /home/csmajs/wbi002/lab1/lab1_tb_isim_beh.exe -intstyle ise -gui -tclbatch isim.cmd -wdb /home/csmajs/wbi002/lab1/lab1_tb_isim_beh.wdb 
ISim P.68d (signature 0xfbc00daa)
----------------------------------------------------------------------
INFO:Security:50 - The XILINXD_LICENSE_FILE environment variable is set to '2100@elguapo.cs.ucr.edu'.
INFO:Security:53 - The LM_LICENSE_FILE environment variable is not set.
WARNING:Security:43 - No license file was found in the standard Xilinx license directory.
WARNING:Security:44 - Since no license file was found,
       please run the Xilinx License Configuration Manager
       (xlcm or "Manage Xilinx Licenses")
       to assist in obtaining a license.
WARNING:Security:42 - Your software subscription period has lapsed. Your current version of Xilinx tools will continue to function, but you no longer qualify for Xilinx software updates or new releases.


----------------------------------------------------------------------
This is a Full version of ISim.
Time resolution is 1 ps
# onerror resume
# wave add /
# run 1000 ns
Simulator is doing circuit initialization process.
TC51 AND Test
Finished circuit initialization process.
Zero is wrong
A is 11111111
B is 00000000
result is 00000000
A is 11111111
B is 00000000
result is 00000000
A is 11111111
B is 00000000
result is 00000000
A is 11111111
B is 00000000
result is 00000000
A is 11111111
B is 00000000
result is 00000000
A is 11111111
B is 00000000
result is 00000000
A is 11111111
B is 00000000
result is 00000000
A is 11111111
B is 00000000
result is 00000000
A is 11111111
B is 00000000
result is 00000000
# run 1.00us
A is 11111111
B is 00000000
result is 00000000
A is 11111111
B is 00000000
result is 00000000
A is 11111111
B is 00000000
result is 00000000
A is 11111111
B is 00000000
result is 00000000
A is 11111111
B is 00000000
result is 00000000
A is 11111111
B is 00000000
result is 00000000
A is 11111111
B is 00000000
result is 00000000
A is 11111111
B is 00000000
result is 00000000
A is 11111111
B is 00000000
result is 00000000
A is 11111111
B is 00000000
result is 00000000
# run 1.00us
A is 11111111
B is 00000000
result is 00000000
A is 11111111
B is 00000000
result is 00000000
A is 11111111
B is 00000000
result is 00000000
A is 11111111
B is 00000000
result is 00000000
A is 11111111
B is 00000000
result is 00000000
A is 11111111
B is 00000000
result is 00000000
A is 11111111
B is 00000000
result is 00000000
A is 11111111
B is 00000000
result is 00000000
A is 11111111
B is 00000000
result is 00000000
A is 11111111
B is 00000000
result is 00000000
ISim P.68d (signature 0xfbc00daa)
----------------------------------------------------------------------
INFO:Security:50 - The XILINXD_LICENSE_FILE environment variable is set to '2100@elguapo.cs.ucr.edu'.
INFO:Security:53 - The LM_LICENSE_FILE environment variable is not set.
WARNING:Security:43 - No license file was found in the standard Xilinx license directory.
WARNING:Security:44 - Since no license file was found,
       please run the Xilinx License Configuration Manager
       (xlcm or "Manage Xilinx Licenses")
       to assist in obtaining a license.
WARNING:Security:42 - Your software subscription period has lapsed. Your current version of Xilinx tools will continue to function, but you no longer qualify for Xilinx software updates or new releases.


----------------------------------------------------------------------
This is a Full version of ISim.
# run 1000 ns
Simulator is doing circuit initialization process.
TC51 AND Test
Finished circuit initialization process.
Zero is wrong
A is 11111111
B is 00000000
IF
result is 00000000
A is 11111111
B is 00000000
IF
result is 00000000
A is 11111111
B is 00000000
IF
result is 00000000
A is 11111111
B is 00000000
IF
result is 00000000
A is 11111111
B is 00000000
IF
result is 00000000
A is 11111111
B is 00000000
IF
result is 00000000
A is 11111111
B is 00000000
IF
result is 00000000
A is 11111111
B is 00000000
IF
result is 00000000
A is 11111111
B is 00000000
IF
result is 00000000
# run 1.00us
A is 11111111
B is 00000000
IF
result is 00000000
A is 11111111
B is 00000000
IF
result is 00000000
A is 11111111
B is 00000000
IF
result is 00000000
A is 11111111
B is 00000000
IF
result is 00000000
A is 11111111
B is 00000000
IF
result is 00000000
A is 11111111
B is 00000000
IF
result is 00000000
A is 11111111
B is 00000000
IF
result is 00000000
A is 11111111
B is 00000000
IF
result is 00000000
A is 11111111
B is 00000000
IF
result is 00000000
A is 11111111
B is 00000000
IF
result is 00000000
ISim P.68d (signature 0xfbc00daa)
----------------------------------------------------------------------
INFO:Security:50 - The XILINXD_LICENSE_FILE environment variable is set to '2100@elguapo.cs.ucr.edu'.
INFO:Security:53 - The LM_LICENSE_FILE environment variable is not set.
WARNING:Security:43 - No license file was found in the standard Xilinx license directory.
WARNING:Security:44 - Since no license file was found,
       please run the Xilinx License Configuration Manager
       (xlcm or "Manage Xilinx Licenses")
       to assist in obtaining a license.
WARNING:Security:42 - Your software subscription period has lapsed. Your current version of Xilinx tools will continue to function, but you no longer qualify for Xilinx software updates or new releases.


----------------------------------------------------------------------
This is a Full version of ISim.
# run 1000 ns
Simulator is doing circuit initialization process.
TC51 AND Test
Finished circuit initialization process.
Zero is wrong
A is 11111111
B is 00000000
Zero is 1
A is 11111111
B is 00000000
Zero is 1
A is 11111111
B is 00000000
Zero is 1
A is 11111111
B is 00000000
Zero is 1
A is 11111111
B is 00000000
Zero is 1
A is 11111111
B is 00000000
Zero is 1
A is 11111111
B is 00000000
Zero is 1
A is 11111111
B is 00000000
Zero is 1
A is 11111111
B is 00000000
Zero is 1
ISim P.68d (signature 0xfbc00daa)
----------------------------------------------------------------------
INFO:Security:50 - The XILINXD_LICENSE_FILE environment variable is set to '2100@elguapo.cs.ucr.edu'.
INFO:Security:53 - The LM_LICENSE_FILE environment variable is not set.
WARNING:Security:43 - No license file was found in the standard Xilinx license directory.
WARNING:Security:44 - Since no license file was found,
       please run the Xilinx License Configuration Manager
       (xlcm or "Manage Xilinx Licenses")
       to assist in obtaining a license.
WARNING:Security:42 - Your software subscription period has lapsed. Your current version of Xilinx tools will continue to function, but you no longer qualify for Xilinx software updates or new releases.


----------------------------------------------------------------------
This is a Full version of ISim.
# run 1000 ns
Simulator is doing circuit initialization process.
TC51 AND Test
Finished circuit initialization process.
A is 11111111
B is 00000000
Zero is 1
A is 11111111
B is 00000000
Zero is 1
A is 11111111
B is 00000000
Zero is 1
A is 11111111
B is 00000000
Zero is 1
A is 11111111
B is 00000000
Zero is 1
A is 11111111
B is 00000000
Zero is 1
A is 11111111
B is 00000000
Zero is 1
A is 11111111
B is 00000000
Zero is 1
A is 11111111
B is 00000000
Zero is 1
ISim P.68d (signature 0xfbc00daa)
----------------------------------------------------------------------
INFO:Security:50 - The XILINXD_LICENSE_FILE environment variable is set to '2100@elguapo.cs.ucr.edu'.
INFO:Security:53 - The LM_LICENSE_FILE environment variable is not set.
WARNING:Security:43 - No license file was found in the standard Xilinx license directory.
WARNING:Security:44 - Since no license file was found,
       please run the Xilinx License Configuration Manager
       (xlcm or "Manage Xilinx Licenses")
       to assist in obtaining a license.
WARNING:Security:42 - Your software subscription period has lapsed. Your current version of Xilinx tools will continue to function, but you no longer qualify for Xilinx software updates or new releases.


----------------------------------------------------------------------
This is a Full version of ISim.
# run 1000 ns
Simulator is doing circuit initialization process.
TC51 AND Test
Finished circuit initialization process.
A is 11111111
B is 00000000
Zero is 1
A is 11111111
B is 00000000
Zero is 1
A is 11111111
B is 00000000
Zero is 1
A is 11111111
B is 00000000
Zero is 1
TC52 AND Testing
A is 11111111
B is 11111111
Zero is 0
A is 11111111
B is 11111111
Zero is 0
A is 11111111
B is 11111111
Zero is 0
A is 11111111
B is 11111111
Zero is 0
A is 11111111
B is 11111111
Zero is 0
ISim P.68d (signature 0xfbc00daa)
----------------------------------------------------------------------
INFO:Security:50 - The XILINXD_LICENSE_FILE environment variable is set to '2100@elguapo.cs.ucr.edu'.
INFO:Security:53 - The LM_LICENSE_FILE environment variable is not set.
WARNING:Security:43 - No license file was found in the standard Xilinx license directory.
WARNING:Security:44 - Since no license file was found,
       please run the Xilinx License Configuration Manager
       (xlcm or "Manage Xilinx Licenses")
       to assist in obtaining a license.
WARNING:Security:42 - Your software subscription period has lapsed. Your current version of Xilinx tools will continue to function, but you no longer qualify for Xilinx software updates or new releases.


----------------------------------------------------------------------
This is a Full version of ISim.
# run 1000 ns
Simulator is doing circuit initialization process.
TC51 AND Test
Finished circuit initialization process.
TC52 AND Testing
ISim P.68d (signature 0xfbc00daa)
----------------------------------------------------------------------
INFO:Security:50 - The XILINXD_LICENSE_FILE environment variable is set to '2100@elguapo.cs.ucr.edu'.
INFO:Security:53 - The LM_LICENSE_FILE environment variable is not set.
WARNING:Security:43 - No license file was found in the standard Xilinx license directory.
WARNING:Security:44 - Since no license file was found,
       please run the Xilinx License Configuration Manager
       (xlcm or "Manage Xilinx Licenses")
       to assist in obtaining a license.
WARNING:Security:42 - Your software subscription period has lapsed. Your current version of Xilinx tools will continue to function, but you no longer qualify for Xilinx software updates or new releases.


----------------------------------------------------------------------
This is a Full version of ISim.
# run 1000 ns
Simulator is doing circuit initialization process.
TC51 AND Test
Finished circuit initialization process.
TC52 AND Testing
TC53 AND Testing
ISim P.68d (signature 0xfbc00daa)
----------------------------------------------------------------------
INFO:Security:50 - The XILINXD_LICENSE_FILE environment variable is set to '2100@elguapo.cs.ucr.edu'.
INFO:Security:53 - The LM_LICENSE_FILE environment variable is not set.
WARNING:Security:43 - No license file was found in the standard Xilinx license directory.
WARNING:Security:44 - Since no license file was found,
       please run the Xilinx License Configuration Manager
       (xlcm or "Manage Xilinx Licenses")
       to assist in obtaining a license.
WARNING:Security:42 - Your software subscription period has lapsed. Your current version of Xilinx tools will continue to function, but you no longer qualify for Xilinx software updates or new releases.


----------------------------------------------------------------------
This is a Full version of ISim.
# run 1000 ns
Simulator is doing circuit initialization process.
TC51 AND Test
Finished circuit initialization process.
TC52 AND Testing
TC53 AND Testing
ISim P.68d (signature 0xfbc00daa)
----------------------------------------------------------------------
INFO:Security:50 - The XILINXD_LICENSE_FILE environment variable is set to '2100@elguapo.cs.ucr.edu'.
INFO:Security:53 - The LM_LICENSE_FILE environment variable is not set.
WARNING:Security:43 - No license file was found in the standard Xilinx license directory.
WARNING:Security:44 - Since no license file was found,
       please run the Xilinx License Configuration Manager
       (xlcm or "Manage Xilinx Licenses")
       to assist in obtaining a license.
WARNING:Security:42 - Your software subscription period has lapsed. Your current version of Xilinx tools will continue to function, but you no longer qualify for Xilinx software updates or new releases.


----------------------------------------------------------------------
This is a Full version of ISim.
# run 1000 ns
Simulator is doing circuit initialization process.
TC51 AND Test
Finished circuit initialization process.
Zero is wrong
TC52 AND Testing
TC53 AND Testing
ISim P.68d (signature 0xfbc00daa)
----------------------------------------------------------------------
INFO:Security:50 - The XILINXD_LICENSE_FILE environment variable is set to '2100@elguapo.cs.ucr.edu'.
INFO:Security:53 - The LM_LICENSE_FILE environment variable is not set.
WARNING:Security:43 - No license file was found in the standard Xilinx license directory.
WARNING:Security:44 - Since no license file was found,
       please run the Xilinx License Configuration Manager
       (xlcm or "Manage Xilinx Licenses")
       to assist in obtaining a license.
WARNING:Security:42 - Your software subscription period has lapsed. Your current version of Xilinx tools will continue to function, but you no longer qualify for Xilinx software updates or new releases.


----------------------------------------------------------------------
This is a Full version of ISim.
# run 1000 ns
Simulator is doing circuit initialization process.
TC11 Unsigned Add 
Finished circuit initialization process.
result is 00
result is 00
result is 00
result is 00
Zero  is wrong
Carryout is wrong
TC51 AND Test
TC52 AND Testing
ISim P.68d (signature 0xfbc00daa)
----------------------------------------------------------------------
INFO:Security:50 - The XILINXD_LICENSE_FILE environment variable is set to '2100@elguapo.cs.ucr.edu'.
INFO:Security:53 - The LM_LICENSE_FILE environment variable is not set.
WARNING:Security:43 - No license file was found in the standard Xilinx license directory.
WARNING:Security:44 - Since no license file was found,
       please run the Xilinx License Configuration Manager
       (xlcm or "Manage Xilinx Licenses")
       to assist in obtaining a license.
WARNING:Security:42 - Your software subscription period has lapsed. Your current version of Xilinx tools will continue to function, but you no longer qualify for Xilinx software updates or new releases.


----------------------------------------------------------------------
This is a Full version of ISim.
# run 1000 ns
Simulator is doing circuit initialization process.
TC11 Unsigned Add 
Finished circuit initialization process.
result is 00
A is 11111111
Its first bit is 1
result is 00
A is 11111111
Its first bit is 1
result is 00
A is 11111111
Its first bit is 1
result is 00
A is 11111111
Its first bit is 1
Carryout is wrong
TC51 AND Test
TC52 AND Testing
ISim P.68d (signature 0xfbc00daa)
----------------------------------------------------------------------
INFO:Security:50 - The XILINXD_LICENSE_FILE environment variable is set to '2100@elguapo.cs.ucr.edu'.
INFO:Security:53 - The LM_LICENSE_FILE environment variable is not set.
WARNING:Security:43 - No license file was found in the standard Xilinx license directory.
WARNING:Security:44 - Since no license file was found,
       please run the Xilinx License Configuration Manager
       (xlcm or "Manage Xilinx Licenses")
       to assist in obtaining a license.
WARNING:Security:42 - Your software subscription period has lapsed. Your current version of Xilinx tools will continue to function, but you no longer qualify for Xilinx software updates or new releases.


----------------------------------------------------------------------
This is a Full version of ISim.
# run 1000 ns
Simulator is doing circuit initialization process.
TC11 Unsigned Add 
Finished circuit initialization process.
result is 10
result is 10
result is 10
result is 10
Result is wrong
Zero  is wrong
Carryout is wrong
TC51 AND Test
TC52 AND Testing
ISim P.68d (signature 0xfbc00daa)
----------------------------------------------------------------------
INFO:Security:50 - The XILINXD_LICENSE_FILE environment variable is set to '2100@elguapo.cs.ucr.edu'.
INFO:Security:53 - The LM_LICENSE_FILE environment variable is not set.
WARNING:Security:43 - No license file was found in the standard Xilinx license directory.
WARNING:Security:44 - Since no license file was found,
       please run the Xilinx License Configuration Manager
       (xlcm or "Manage Xilinx Licenses")
       to assist in obtaining a license.
WARNING:Security:42 - Your software subscription period has lapsed. Your current version of Xilinx tools will continue to function, but you no longer qualify for Xilinx software updates or new releases.


----------------------------------------------------------------------
This is a Full version of ISim.
# run 1000 ns
Simulator is doing circuit initialization process.
TC11 Unsigned Add 
Finished circuit initialization process.
result is 10
A is 00001111
Its first bit is 0
result is 10
A is 00001111
Its first bit is 0
result is 10
A is 00001111
Its first bit is 0
result is 10
A is 00001111
Its first bit is 0
Result is wrong
Zero  is wrong
Carryout is wrong
TC51 AND Test
TC52 AND Testing
ISim P.68d (signature 0xfbc00daa)
----------------------------------------------------------------------
INFO:Security:50 - The XILINXD_LICENSE_FILE environment variable is set to '2100@elguapo.cs.ucr.edu'.
INFO:Security:53 - The LM_LICENSE_FILE environment variable is not set.
WARNING:Security:43 - No license file was found in the standard Xilinx license directory.
WARNING:Security:44 - Since no license file was found,
       please run the Xilinx License Configuration Manager
       (xlcm or "Manage Xilinx Licenses")
       to assist in obtaining a license.
WARNING:Security:42 - Your software subscription period has lapsed. Your current version of Xilinx tools will continue to function, but you no longer qualify for Xilinx software updates or new releases.


----------------------------------------------------------------------
This is a Full version of ISim.
WARNING: File "/home/csmajs/wbi002/lab1/lab1_tb.v" Line 36.  For instance lab1_tb/uut/, width 9 of formal port result is not equal to width 8 of actual signal result.
# run 1000 ns
Simulator is doing circuit initialization process.
TC11 Unsigned Add 
Finished circuit initialization process.
result is 010
result is 010
result is 010
result is 010
Result is wrong
Zero  is wrong
Carryout is wrong
TC51 AND Test
TC52 AND Testing
ISim P.68d (signature 0xfbc00daa)
----------------------------------------------------------------------
INFO:Security:50 - The XILINXD_LICENSE_FILE environment variable is set to '2100@elguapo.cs.ucr.edu'.
INFO:Security:53 - The LM_LICENSE_FILE environment variable is not set.
WARNING:Security:43 - No license file was found in the standard Xilinx license directory.
WARNING:Security:44 - Since no license file was found,
       please run the Xilinx License Configuration Manager
       (xlcm or "Manage Xilinx Licenses")
       to assist in obtaining a license.
WARNING:Security:42 - Your software subscription period has lapsed. Your current version of Xilinx tools will continue to function, but you no longer qualify for Xilinx software updates or new releases.


----------------------------------------------------------------------
This is a Full version of ISim.
# run 1000 ns
Simulator is doing circuit initialization process.
TC11 Unsigned Add 
Finished circuit initialization process.
result is 10
result is 10
result is 10
result is 10
Result is wrong
Zero  is wrong
Carryout is wrong
TC51 AND Test
TC52 AND Testing
ISim P.68d (signature 0xfbc00daa)
----------------------------------------------------------------------
INFO:Security:50 - The XILINXD_LICENSE_FILE environment variable is set to '2100@elguapo.cs.ucr.edu'.
INFO:Security:53 - The LM_LICENSE_FILE environment variable is not set.
WARNING:Security:43 - No license file was found in the standard Xilinx license directory.
WARNING:Security:44 - Since no license file was found,
       please run the Xilinx License Configuration Manager
       (xlcm or "Manage Xilinx Licenses")
       to assist in obtaining a license.
WARNING:Security:42 - Your software subscription period has lapsed. Your current version of Xilinx tools will continue to function, but you no longer qualify for Xilinx software updates or new releases.


----------------------------------------------------------------------
This is a Full version of ISim.
# run 1000 ns
Simulator is doing circuit initialization process.
TC11 Unsigned Add 
Finished circuit initialization process.
result is 00
result is 00
result is 00
result is 00
TC51 AND Test
TC52 AND Testing
ISim P.68d (signature 0xfbc00daa)
----------------------------------------------------------------------
INFO:Security:50 - The XILINXD_LICENSE_FILE environment variable is set to '2100@elguapo.cs.ucr.edu'.
INFO:Security:53 - The LM_LICENSE_FILE environment variable is not set.
WARNING:Security:43 - No license file was found in the standard Xilinx license directory.
WARNING:Security:44 - Since no license file was found,
       please run the Xilinx License Configuration Manager
       (xlcm or "Manage Xilinx Licenses")
       to assist in obtaining a license.
WARNING:Security:42 - Your software subscription period has lapsed. Your current version of Xilinx tools will continue to function, but you no longer qualify for Xilinx software updates or new releases.


----------------------------------------------------------------------
This is a Full version of ISim.
# run 1000 ns
Simulator is doing circuit initialization process.
TC11 Unsigned Add 
Finished circuit initialization process.
TC12 Unsigned ADD
TC13 Unsigned ADD
# run 1.00us
Zero is wrong
TC51 AND Test
TC52 AND Testing
# run 1.00us
TC53 AND Testing
ISim P.68d (signature 0xfbc00daa)
----------------------------------------------------------------------
INFO:Security:50 - The XILINXD_LICENSE_FILE environment variable is set to '2100@elguapo.cs.ucr.edu'.
INFO:Security:53 - The LM_LICENSE_FILE environment variable is not set.
WARNING:Security:43 - No license file was found in the standard Xilinx license directory.
WARNING:Security:44 - Since no license file was found,
       please run the Xilinx License Configuration Manager
       (xlcm or "Manage Xilinx Licenses")
       to assist in obtaining a license.
WARNING:Security:42 - Your software subscription period has lapsed. Your current version of Xilinx tools will continue to function, but you no longer qualify for Xilinx software updates or new releases.


----------------------------------------------------------------------
This is a Full version of ISim.
# run 1000 ns
Simulator is doing circuit initialization process.
TC11 Unsigned Add 
Finished circuit initialization process.
TC12 Unsigned ADD
TC13 Unsigned ADD
# run 1.00us
TC51 AND Test
TC52 AND Testing
ISim P.68d (signature 0xfbc00daa)
----------------------------------------------------------------------
INFO:Security:50 - The XILINXD_LICENSE_FILE environment variable is set to '2100@elguapo.cs.ucr.edu'.
INFO:Security:53 - The LM_LICENSE_FILE environment variable is not set.
WARNING:Security:43 - No license file was found in the standard Xilinx license directory.
WARNING:Security:44 - Since no license file was found,
       please run the Xilinx License Configuration Manager
       (xlcm or "Manage Xilinx Licenses")
       to assist in obtaining a license.
WARNING:Security:42 - Your software subscription period has lapsed. Your current version of Xilinx tools will continue to function, but you no longer qualify for Xilinx software updates or new releases.


----------------------------------------------------------------------
This is a Full version of ISim.
# run 1000 ns
Simulator is doing circuit initialization process.
TC11 Unsigned Add 
Finished circuit initialization process.
TC12 Unsigned ADD
TC13 Unsigned ADD
# run 1.00us
TC31 Signed Addition
Overflow is wrong
TC32 Signed Addition
# run 1.00us
Result is wrong
Overflow is wrong
TC51 AND Test
TC52 AND Testing
ISim P.68d (signature 0xfbc00daa)
----------------------------------------------------------------------
INFO:Security:50 - The XILINXD_LICENSE_FILE environment variable is set to '2100@elguapo.cs.ucr.edu'.
INFO:Security:53 - The LM_LICENSE_FILE environment variable is not set.
WARNING:Security:43 - No license file was found in the standard Xilinx license directory.
WARNING:Security:44 - Since no license file was found,
       please run the Xilinx License Configuration Manager
       (xlcm or "Manage Xilinx Licenses")
       to assist in obtaining a license.
WARNING:Security:42 - Your software subscription period has lapsed. Your current version of Xilinx tools will continue to function, but you no longer qualify for Xilinx software updates or new releases.


----------------------------------------------------------------------
This is a Full version of ISim.
# run 1000 ns
Simulator is doing circuit initialization process.
TC11 Unsigned Add 
Finished circuit initialization process.
TC12 Unsigned ADD
TC13 Unsigned ADD
# run 1.00us
TC31 Signed Addition
Overflow is wrong
TC32 Signed Addition
ISim P.68d (signature 0xfbc00daa)
----------------------------------------------------------------------
INFO:Security:50 - The XILINXD_LICENSE_FILE environment variable is set to '2100@elguapo.cs.ucr.edu'.
INFO:Security:53 - The LM_LICENSE_FILE environment variable is not set.
WARNING:Security:43 - No license file was found in the standard Xilinx license directory.
WARNING:Security:44 - Since no license file was found,
       please run the Xilinx License Configuration Manager
       (xlcm or "Manage Xilinx Licenses")
       to assist in obtaining a license.
WARNING:Security:42 - Your software subscription period has lapsed. Your current version of Xilinx tools will continue to function, but you no longer qualify for Xilinx software updates or new releases.


----------------------------------------------------------------------
This is a Full version of ISim.
# run 1000 ns
Simulator is doing circuit initialization process.
TC11 Unsigned Add 
Finished circuit initialization process.
TC12 Unsigned ADD
TC13 Unsigned ADD
# run 1.00us
TC31 Signed Addition
TC32 Signed Addition
# run 1.00us
Result is wrong
TC51 AND Test
TC52 AND Testing
ISim P.68d (signature 0xfbc00daa)
----------------------------------------------------------------------
INFO:Security:50 - The XILINXD_LICENSE_FILE environment variable is set to '2100@elguapo.cs.ucr.edu'.
INFO:Security:53 - The LM_LICENSE_FILE environment variable is not set.
WARNING:Security:43 - No license file was found in the standard Xilinx license directory.
WARNING:Security:44 - Since no license file was found,
       please run the Xilinx License Configuration Manager
       (xlcm or "Manage Xilinx Licenses")
       to assist in obtaining a license.
WARNING:Security:42 - Your software subscription period has lapsed. Your current version of Xilinx tools will continue to function, but you no longer qualify for Xilinx software updates or new releases.


----------------------------------------------------------------------
This is a Full version of ISim.
# run 1000 ns
Simulator is doing circuit initialization process.
TC11 Unsigned Add 
Finished circuit initialization process.
TC12 Unsigned ADD
TC13 Unsigned ADD
# run 1.00us
TC31 Signed Addition
TC32 Signed Addition
# run 1.00us
TC51 AND Test
TC52 AND Testing
# run 1.00us
TC53 AND Testing
# run 1.00us
# run 1.00us
ISim P.68d (signature 0xfbc00daa)
----------------------------------------------------------------------
INFO:Security:50 - The XILINXD_LICENSE_FILE environment variable is set to '2100@elguapo.cs.ucr.edu'.
INFO:Security:53 - The LM_LICENSE_FILE environment variable is not set.
WARNING:Security:43 - No license file was found in the standard Xilinx license directory.
WARNING:Security:44 - Since no license file was found,
       please run the Xilinx License Configuration Manager
       (xlcm or "Manage Xilinx Licenses")
       to assist in obtaining a license.
WARNING:Security:42 - Your software subscription period has lapsed. Your current version of Xilinx tools will continue to function, but you no longer qualify for Xilinx software updates or new releases.


----------------------------------------------------------------------
This is a Full version of ISim.
# run 1000 ns
Simulator is doing circuit initialization process.
TC11 Unsigned Add 
Finished circuit initialization process.
TC12 Unsigned ADD
TC13 Unsigned ADD
# run 1.00us
TC21 Unsigned Sub
TC22 Unsigned Sub
# run 1.00us
TC23 Unsigned Sub
TC31 Signed Addition
